<?xml version="1.0" encoding="UTF-8"?>
<!-- Generated by org.testng.reporters.JUnitXMLReporter -->
<testsuite ignored="0" hostname="MSI" failures="1" tests="1" name="test2" time="8.376" errors="0" timestamp="2021-09-30T20:35:53 IST">
  <testcase classname="framework.E2E.landingTest" name="login1" time="0.097">
    <failure type="junit.framework.ComparisonFailure" message="expected:&amp;lt;Featured []Courses&amp;gt; but was:&amp;lt;Featured [12]Courses&amp;gt;">
      <![CDATA[junit.framework.ComparisonFailure: expected:<Featured []Courses> but was:<Featured [12]Courses>
at junit.framework.Assert.assertEquals(Assert.java:100)
at junit.framework.Assert.assertEquals(Assert.java:107)
at framework.E2E.landingTest.login1(landingTest.java:33)
at java.base/java.util.ArrayList.forEach(ArrayList.java:1511)
at java.base/java.util.concurrent.FutureTask.run(FutureTask.java:264)
at java.base/java.util.concurrent.ThreadPoolExecutor.runWorker(ThreadPoolExecutor.java:1130)
at java.base/java.util.concurrent.ThreadPoolExecutor$Worker.run(ThreadPoolExecutor.java:630)
at java.base/java.lang.Thread.run(Thread.java:831)
... Removed 18 stack frames]]>
    </failure>
  </testcase> <!-- login1 -->
</testsuite> <!-- test2 -->
