<?xml version="1.0" encoding="UTF-8"?>
<!-- Generated by org.testng.reporters.JUnitXMLReporter -->
<testsuite hostname="MSI" ignored="0" name="test2" tests="1" failures="1" timestamp="2021-09-30T20:44:05 IST" time="9.417" errors="0">
  <testcase name="login1" time="0.13" classname="framework.E2E.landingTest">
    <failure type="junit.framework.ComparisonFailure" message="expected:&amp;lt;Featured []Courses&amp;gt; but was:&amp;lt;Featured [12]Courses&amp;gt;">
      <![CDATA[junit.framework.ComparisonFailure: expected:<Featured []Courses> but was:<Featured [12]Courses>
at junit.framework.Assert.assertEquals(Assert.java:100)
at junit.framework.Assert.assertEquals(Assert.java:107)
at framework.E2E.landingTest.login1(landingTest.java:33)
at java.util.ArrayList.forEach(ArrayList.java:1259)
at java.util.concurrent.FutureTask.run(FutureTask.java:266)
at java.util.concurrent.ThreadPoolExecutor.runWorker(ThreadPoolExecutor.java:1149)
at java.util.concurrent.ThreadPoolExecutor$Worker.run(ThreadPoolExecutor.java:624)
at java.lang.Thread.run(Thread.java:748)
... Removed 18 stack frames]]>
    </failure>
  </testcase> <!-- login1 -->
</testsuite> <!-- test2 -->
