<?xml version="1.0" encoding="UTF-8"?>
<testng-results skipped="0" failed="1" ignored="0" total="3" passed="2">
  <reporter-output>
  </reporter-output>
  <suite name="Suite" duration-ms="23351" started-at="2021-09-30T20:43:56 IST" finished-at="2021-09-30T20:44:19 IST">
    <groups>
    </groups>
    <test name="test2" duration-ms="9417" started-at="2021-09-30T20:43:56 IST" finished-at="2021-09-30T20:44:05 IST">
      <class name="framework.E2E.landingTest">
        <test-method status="PASS" signature="firstStep()[pri:0, instance:framework.E2E.landingTest@333291e3]" name="firstStep" is-config="true" duration-ms="5131" started-at="2021-09-30T20:43:56 IST" finished-at="2021-09-30T20:44:01 IST">
          <reporter-output>
          </reporter-output>
        </test-method> <!-- firstStep -->
        <test-method status="FAIL" signature="login1()[pri:0, instance:framework.E2E.landingTest@333291e3]" name="login1" duration-ms="130" started-at="2021-09-30T20:44:01 IST" finished-at="2021-09-30T20:44:01 IST">
          <exception class="junit.framework.ComparisonFailure">
            <message>
              <![CDATA[expected:<Featured []Courses> but was:<Featured [12]Courses>]]>
            </message>
            <full-stacktrace>
              <![CDATA[junit.framework.ComparisonFailure: expected:<Featured []Courses> but was:<Featured [12]Courses>
at junit.framework.Assert.assertEquals(Assert.java:100)
at junit.framework.Assert.assertEquals(Assert.java:107)
at framework.E2E.landingTest.login1(landingTest.java:33)
at sun.reflect.NativeMethodAccessorImpl.invoke0(Native Method)
at sun.reflect.NativeMethodAccessorImpl.invoke(NativeMethodAccessorImpl.java:62)
at sun.reflect.DelegatingMethodAccessorImpl.invoke(DelegatingMethodAccessorImpl.java:43)
at java.lang.reflect.Method.invoke(Method.java:498)
at org.testng.internal.MethodInvocationHelper.invokeMethod(MethodInvocationHelper.java:133)
at org.testng.internal.TestInvoker.invokeMethod(TestInvoker.java:598)
at org.testng.internal.TestInvoker.invokeTestMethod(TestInvoker.java:173)
at org.testng.internal.MethodRunner.runInSequence(MethodRunner.java:46)
at org.testng.internal.TestInvoker$MethodInvocationAgent.invoke(TestInvoker.java:824)
at org.testng.internal.TestInvoker.invokeTestMethods(TestInvoker.java:146)
at org.testng.internal.TestMethodWorker.invokeTestMethods(TestMethodWorker.java:146)
at org.testng.internal.TestMethodWorker.run(TestMethodWorker.java:128)
at java.util.ArrayList.forEach(ArrayList.java:1259)
at org.testng.TestRunner.privateRun(TestRunner.java:794)
at org.testng.TestRunner.run(TestRunner.java:596)
at org.testng.SuiteRunner.runTest(SuiteRunner.java:377)
at org.testng.SuiteRunner.access$000(SuiteRunner.java:28)
at org.testng.SuiteRunner$SuiteWorker.run(SuiteRunner.java:418)
at org.testng.internal.thread.ThreadUtil.lambda$execute$0(ThreadUtil.java:64)
at java.util.concurrent.FutureTask.run(FutureTask.java:266)
at java.util.concurrent.ThreadPoolExecutor.runWorker(ThreadPoolExecutor.java:1149)
at java.util.concurrent.ThreadPoolExecutor$Worker.run(ThreadPoolExecutor.java:624)
at java.lang.Thread.run(Thread.java:748)
]]>
            </full-stacktrace>
          </exception> <!-- junit.framework.ComparisonFailure -->
          <reporter-output>
          </reporter-output>
        </test-method> <!-- login1 -->
        <test-method status="PASS" signature="lastStep()[pri:0, instance:framework.E2E.landingTest@333291e3]" name="lastStep" is-config="true" duration-ms="4142" started-at="2021-09-30T20:44:01 IST" finished-at="2021-09-30T20:44:05 IST">
          <reporter-output>
          </reporter-output>
        </test-method> <!-- lastStep -->
      </class> <!-- framework.E2E.landingTest -->
    </test> <!-- test2 -->
    <test name="test1" duration-ms="23351" started-at="2021-09-30T20:43:56 IST" finished-at="2021-09-30T20:44:19 IST">
      <class name="framework.E2E.HomeTest">
        <test-method status="PASS" signature="firstMethod()[pri:0, instance:framework.E2E.HomeTest@67a20f67]" name="firstMethod" is-config="true" duration-ms="5213" started-at="2021-09-30T20:43:56 IST" finished-at="2021-09-30T20:44:01 IST">
          <reporter-output>
          </reporter-output>
        </test-method> <!-- firstMethod -->
        <test-method status="PASS" signature="loginHome(java.lang.String,java.lang.String,java.lang.String)[pri:0, instance:framework.E2E.HomeTest@67a20f67]" name="loginHome" duration-ms="5659" started-at="2021-09-30T20:44:01 IST" data-provider="getData" finished-at="2021-09-30T20:44:06 IST">
          <params>
            <param index="0">
              <value>
                <![CDATA[nonrestricteduser@gmail.com]]>
              </value>
            </param>
            <param index="1">
              <value>
                <![CDATA[123456]]>
              </value>
            </param>
            <param index="2">
              <value>
                <![CDATA[Non-Restricted USer]]>
              </value>
            </param>
          </params>
          <reporter-output>
          </reporter-output>
        </test-method> <!-- loginHome -->
        <test-method status="PASS" signature="lastMethod()[pri:0, instance:framework.E2E.HomeTest@67a20f67]" name="lastMethod" is-config="true" duration-ms="169" started-at="2021-09-30T20:44:06 IST" finished-at="2021-09-30T20:44:07 IST">
          <reporter-output>
          </reporter-output>
        </test-method> <!-- lastMethod -->
        <test-method status="PASS" signature="firstMethod()[pri:0, instance:framework.E2E.HomeTest@67a20f67]" name="firstMethod" is-config="true" duration-ms="3462" started-at="2021-09-30T20:44:07 IST" finished-at="2021-09-30T20:44:10 IST">
          <reporter-output>
          </reporter-output>
        </test-method> <!-- firstMethod -->
        <test-method status="PASS" signature="loginHome(java.lang.String,java.lang.String,java.lang.String)[pri:0, instance:framework.E2E.HomeTest@67a20f67]" name="loginHome" duration-ms="4633" started-at="2021-09-30T20:44:10 IST" data-provider="getData" finished-at="2021-09-30T20:44:15 IST">
          <params>
            <param index="0">
              <value>
                <![CDATA[restricteduser@gmail.com]]>
              </value>
            </param>
            <param index="1">
              <value>
                <![CDATA[123456]]>
              </value>
            </param>
            <param index="2">
              <value>
                <![CDATA[Restricted User]]>
              </value>
            </param>
          </params>
          <reporter-output>
          </reporter-output>
        </test-method> <!-- loginHome -->
        <test-method status="PASS" signature="lastMethod()[pri:0, instance:framework.E2E.HomeTest@67a20f67]" name="lastMethod" is-config="true" duration-ms="4191" started-at="2021-09-30T20:44:15 IST" finished-at="2021-09-30T20:44:19 IST">
          <reporter-output>
          </reporter-output>
        </test-method> <!-- lastMethod -->
      </class> <!-- framework.E2E.HomeTest -->
    </test> <!-- test1 -->
  </suite> <!-- Suite -->
</testng-results>
