<?xml version="1.0" encoding="UTF-8"?>
<testsuite xmlns:xsi="http://www.w3.org/2001/XMLSchema-instance" xsi:noNamespaceSchemaLocation="https://maven.apache.org/surefire/maven-surefire-plugin/xsd/surefire-test-report-3.0.xsd" version="3.0" name="TestSuite" time="24.305" tests="3" errors="0" skipped="0" failures="1">
  <properties>
[...]
</properties>
  <testcase name="login1" classname="framework.E2E.landingTest" time="0.037">
    <failure message="expected:&lt;Featured []Courses&gt; but was:&lt;Featured [12]Courses&gt;" type="junit.framework.ComparisonFailure"><![CDATA[junit.framework.ComparisonFailure: expected:<Featured []Courses> but was:<Featured [12]Courses>
	at framework.E2E.landingTest.login1(landingTest.java:33)
]]></failure>
    <system-out><![CDATA[chrome
chrome
]]></system-out>
    <system-err><![CDATA[SSttaarrttinig nChgr omCehDrirvoemr e9D4r.i0v.e4r60 69.44.10 (.34336e0865d.f34c19 b(6536b518b53f1add5ff2463635eb865cd2f43-rc9ebfs6/b5ra6nbch5-h1ea8bd5sf/146a0d6@d{5#f84f52}4)6 36o5nb 6pc2o4-rrt e2f4s8/8b6ra
nOnclyh l-ohcael acdonsn/e4c6t0io6@n{s #a8r4e a5l}lo)w eod.n 
Pploeraste  s6e8e 1h9ttp
sO:/n/lchyro mledorcivaerl .ccohnrnoemcituimon.so rarge/ saelcluroiwteyd-.co
nsPildeearsaet sieoe nhtst ps:f/o/crhr omseudgrgiveesr.tcihornos moinu mke.eopirngg /ChsroemecDurirveir tsya-fceo.ns
iderations for suggestions on keeping ChromeDriver safe.
ChrComehDrriomveerD riwvears w ass tsatrtaerdt esdu csceusscfuclelsy.sf
ully.
Sep 30, 2021 8:43:58 PM org.openqa.selenium.remote.ProtocolHandshake createSession
INFO: Detected dialect: W3C
Sep 30, 2021 8:43:58 PM org.openqa.selenium.remote.ProtocolHandshake createSession
INFO: Detected dialect: W3C
]]></system-err>
  </testcase>
  <testcase name="loginHome[nonrestricteduser@gmail.com, 123456, Non-Restricted USer](1)" classname="framework.E2E.HomeTest" time="5.659"/>
  <testcase name="loginHome[restricteduser@gmail.com, 123456, Restricted User](2)" classname="framework.E2E.HomeTest" time="4.629">
    <system-out><![CDATA[chrome
]]></system-out>
    <system-err><![CDATA[Starting ChromeDriver 94.0.4606.41 (333e85df3c9b656b518b5f1add5ff246365b6c24-refs/branch-heads/4606@{#845}) on port 16917
Only local connections are allowed.
Please see https://chromedriver.chromium.org/security-considerations for suggestions on keeping ChromeDriver safe.
ChromeDriver was started successfully.
Sep 30, 2021 8:44:08 PM org.openqa.selenium.remote.ProtocolHandshake createSession
INFO: Detected dialect: W3C
]]></system-err>
  </testcase>
</testsuite>