<?xml version="1.0" encoding="UTF-8"?>
<testng-results ignored="0" total="3" passed="2" failed="1" skipped="0">
  <reporter-output>
  </reporter-output>
  <suite started-at="2021-09-30T20:35:45 IST" name="Suite" finished-at="2021-09-30T20:36:04 IST" duration-ms="18532">
    <groups>
    </groups>
    <test started-at="2021-09-30T20:35:45 IST" name="test2" finished-at="2021-09-30T20:35:53 IST" duration-ms="8376">
      <class name="framework.E2E.landingTest">
        <test-method is-config="true" signature="firstStep()[pri:0, instance:framework.E2E.landingTest@2320fa6f]" started-at="2021-09-30T20:35:45 IST" name="firstStep" finished-at="2021-09-30T20:35:49 IST" duration-ms="4118" status="PASS">
          <reporter-output>
          </reporter-output>
        </test-method> <!-- firstStep -->
        <test-method signature="login1()[pri:0, instance:framework.E2E.landingTest@2320fa6f]" started-at="2021-09-30T20:35:49 IST" name="login1" finished-at="2021-09-30T20:35:49 IST" duration-ms="97" status="FAIL">
          <exception class="junit.framework.ComparisonFailure">
            <message>
              <![CDATA[expected:<Featured []Courses> but was:<Featured [12]Courses>]]>
            </message>
            <full-stacktrace>
              <![CDATA[junit.framework.ComparisonFailure: expected:<Featured []Courses> but was:<Featured [12]Courses>
at junit.framework.Assert.assertEquals(Assert.java:100)
at junit.framework.Assert.assertEquals(Assert.java:107)
at framework.E2E.landingTest.login1(landingTest.java:33)
at java.base/jdk.internal.reflect.NativeMethodAccessorImpl.invoke0(Native Method)
at java.base/jdk.internal.reflect.NativeMethodAccessorImpl.invoke(NativeMethodAccessorImpl.java:78)
at java.base/jdk.internal.reflect.DelegatingMethodAccessorImpl.invoke(DelegatingMethodAccessorImpl.java:43)
at java.base/java.lang.reflect.Method.invoke(Method.java:567)
at org.testng.internal.MethodInvocationHelper.invokeMethod(MethodInvocationHelper.java:133)
at org.testng.internal.TestInvoker.invokeMethod(TestInvoker.java:598)
at org.testng.internal.TestInvoker.invokeTestMethod(TestInvoker.java:173)
at org.testng.internal.MethodRunner.runInSequence(MethodRunner.java:46)
at org.testng.internal.TestInvoker$MethodInvocationAgent.invoke(TestInvoker.java:824)
at org.testng.internal.TestInvoker.invokeTestMethods(TestInvoker.java:146)
at org.testng.internal.TestMethodWorker.invokeTestMethods(TestMethodWorker.java:146)
at org.testng.internal.TestMethodWorker.run(TestMethodWorker.java:128)
at java.base/java.util.ArrayList.forEach(ArrayList.java:1511)
at org.testng.TestRunner.privateRun(TestRunner.java:794)
at org.testng.TestRunner.run(TestRunner.java:596)
at org.testng.SuiteRunner.runTest(SuiteRunner.java:377)
at org.testng.SuiteRunner.access$000(SuiteRunner.java:28)
at org.testng.SuiteRunner$SuiteWorker.run(SuiteRunner.java:418)
at org.testng.internal.thread.ThreadUtil.lambda$execute$0(ThreadUtil.java:64)
at java.base/java.util.concurrent.FutureTask.run(FutureTask.java:264)
at java.base/java.util.concurrent.ThreadPoolExecutor.runWorker(ThreadPoolExecutor.java:1130)
at java.base/java.util.concurrent.ThreadPoolExecutor$Worker.run(ThreadPoolExecutor.java:630)
at java.base/java.lang.Thread.run(Thread.java:831)
]]>
            </full-stacktrace>
          </exception> <!-- junit.framework.ComparisonFailure -->
          <reporter-output>
          </reporter-output>
        </test-method> <!-- login1 -->
        <test-method is-config="true" signature="lastStep()[pri:0, instance:framework.E2E.landingTest@2320fa6f]" started-at="2021-09-30T20:35:49 IST" name="lastStep" finished-at="2021-09-30T20:35:53 IST" duration-ms="4149" status="PASS">
          <reporter-output>
          </reporter-output>
        </test-method> <!-- lastStep -->
      </class> <!-- framework.E2E.landingTest -->
    </test> <!-- test2 -->
    <test started-at="2021-09-30T20:35:45 IST" name="test1" finished-at="2021-09-30T20:36:04 IST" duration-ms="18532">
      <class name="framework.E2E.HomeTest">
        <test-method is-config="true" signature="firstMethod()[pri:0, instance:framework.E2E.HomeTest@56113384]" started-at="2021-09-30T20:35:45 IST" name="firstMethod" finished-at="2021-09-30T20:35:49 IST" duration-ms="4129" status="PASS">
          <reporter-output>
          </reporter-output>
        </test-method> <!-- firstMethod -->
        <test-method signature="loginHome(java.lang.String,java.lang.String,java.lang.String)[pri:0, instance:framework.E2E.HomeTest@56113384]" started-at="2021-09-30T20:35:49 IST" name="loginHome" data-provider="getData" finished-at="2021-09-30T20:35:54 IST" duration-ms="5107" status="PASS">
          <params>
            <param index="0">
              <value>
                <![CDATA[nonrestricteduser@gmail.com]]>
              </value>
            </param>
            <param index="1">
              <value>
                <![CDATA[123456]]>
              </value>
            </param>
            <param index="2">
              <value>
                <![CDATA[Non-Restricted USer]]>
              </value>
            </param>
          </params>
          <reporter-output>
          </reporter-output>
        </test-method> <!-- loginHome -->
        <test-method is-config="true" signature="lastMethod()[pri:0, instance:framework.E2E.HomeTest@56113384]" started-at="2021-09-30T20:35:54 IST" name="lastMethod" finished-at="2021-09-30T20:35:54 IST" duration-ms="90" status="PASS">
          <reporter-output>
          </reporter-output>
        </test-method> <!-- lastMethod -->
        <test-method is-config="true" signature="firstMethod()[pri:0, instance:framework.E2E.HomeTest@56113384]" started-at="2021-09-30T20:35:54 IST" name="firstMethod" finished-at="2021-09-30T20:35:58 IST" duration-ms="3511" status="PASS">
          <reporter-output>
          </reporter-output>
        </test-method> <!-- firstMethod -->
        <test-method signature="loginHome(java.lang.String,java.lang.String,java.lang.String)[pri:0, instance:framework.E2E.HomeTest@56113384]" started-at="2021-09-30T20:35:58 IST" name="loginHome" data-provider="getData" finished-at="2021-09-30T20:36:04 IST" duration-ms="5613" status="PASS">
          <params>
            <param index="0">
              <value>
                <![CDATA[restricteduser@gmail.com]]>
              </value>
            </param>
            <param index="1">
              <value>
                <![CDATA[123456]]>
              </value>
            </param>
            <param index="2">
              <value>
                <![CDATA[Restricted User]]>
              </value>
            </param>
          </params>
          <reporter-output>
          </reporter-output>
        </test-method> <!-- loginHome -->
        <test-method is-config="true" signature="lastMethod()[pri:0, instance:framework.E2E.HomeTest@56113384]" started-at="2021-09-30T20:36:04 IST" name="lastMethod" finished-at="2021-09-30T20:36:04 IST" duration-ms="52" status="PASS">
          <reporter-output>
          </reporter-output>
        </test-method> <!-- lastMethod -->
      </class> <!-- framework.E2E.HomeTest -->
    </test> <!-- test1 -->
  </suite> <!-- Suite -->
</testng-results>
